<?xml version="1.0" encoding="UTF-8"?>
<testng-results ignored="0" total="2" passed="2" failed="0" skipped="0">
  <reporter-output>
  </reporter-output>
  <suite started-at="2022-08-02T16:23:36 IST" name="Suite" finished-at="2022-08-02T16:23:36 IST" duration-ms="254">
    <groups>
    </groups>
    <test started-at="2022-08-02T16:23:36 IST" name="Test" finished-at="2022-08-02T16:23:36 IST" duration-ms="254">
      <class name="com.testcases.TC_checkForeignPlayers_001">
        <test-method is-config="true" signature="ReadJOSNfile()[pri:0, instance:com.testcases.TC_checkForeignPlayers_001@78b66d36]" started-at="2022-08-02T16:23:36 IST" name="ReadJOSNfile" finished-at="2022-08-02T16:23:36 IST" duration-ms="6" status="PASS">
          <reporter-output>
          </reporter-output>
        </test-method> <!-- ReadJOSNfile -->
        <test-method signature="checkForeignPlayer()[pri:0, instance:com.testcases.TC_checkForeignPlayers_001@78b66d36]" started-at="2022-08-02T16:23:36 IST" name="checkForeignPlayer" finished-at="2022-08-02T16:23:36 IST" duration-ms="24" status="PASS">
          <reporter-output>
          </reporter-output>
        </test-method> <!-- checkForeignPlayer -->
      </class> <!-- com.testcases.TC_checkForeignPlayers_001 -->
      <class name="com.testcases.TC_CheckWicketKeeper_002">
        <test-method is-config="true" signature="ReadJOSNfile()[pri:0, instance:com.testcases.TC_CheckWicketKeeper_002@6af93788]" started-at="2022-08-02T16:23:36 IST" name="ReadJOSNfile" finished-at="2022-08-02T16:23:36 IST" duration-ms="44" status="PASS">
          <reporter-output>
          </reporter-output>
        </test-method> <!-- ReadJOSNfile -->
        <test-method signature="CheckWicketKeeper()[pri:0, instance:com.testcases.TC_CheckWicketKeeper_002@6af93788]" started-at="2022-08-02T16:23:36 IST" name="CheckWicketKeeper" finished-at="2022-08-02T16:23:36 IST" duration-ms="31" status="PASS">
          <reporter-output>
          </reporter-output>
        </test-method> <!-- CheckWicketKeeper -->
      </class> <!-- com.testcases.TC_CheckWicketKeeper_002 -->
    </test> <!-- Test -->
  </suite> <!-- Suite -->
</testng-results>
